<?xml version="1.0" encoding="UTF-8"?>
<!-- Generated by org.testng.reporters.JUnitXMLReporter -->
<testsuite ignored="0" hostname="Itctesting16" failures="0" tests="11" name="Test" time="57.67" errors="0" timestamp="2022-07-08T14:31:13 GMT+05:30">
  <testcase classname="DDFrameWork.Register" name="reg4" time="1.228"/>
  <testcase classname="DDFrameWork.Register" name="reg4" time="1.146"/>
  <testcase classname="DDFrameWork.Register" name="reg4" time="1.137"/>
  <testcase classname="DDFrameWork.Booking" name="booking3" time="0.446"/>
  <testcase classname="DDFrameWork.Booking" name="booking3" time="0.456"/>
  <testcase classname="DDFrameWork.Booking" name="booking3" time="0.462"/>
  <testcase classname="DDFrameWork.MainPage" name="mainpage" time="15.402"/>
  <testcase classname="DDFrameWork.Login" name="test" time="0.25"/>
  <testcase classname="DDFrameWork.Login" name="test" time="0.297"/>
  <testcase classname="DDFrameWork.Login" name="test" time="0.274"/>
  <testcase classname="DDFrameWork.Login" name="test" time="0.277"/>
</testsuite> <!-- Test -->
