<?xml version="1.0" encoding="UTF-8"?>
<!-- Generated by org.testng.reporters.JUnitXMLReporter -->
<testsuite ignored="0" hostname="Itctesting16" failures="0" tests="3" name="Default test" time="16.228" errors="0" timestamp="2022-07-08T14:27:59 GMT+05:30">
  <testcase classname="DDFrameWork.Booking" name="booking3" time="0.448"/>
  <testcase classname="DDFrameWork.Booking" name="booking3" time="0.479"/>
  <testcase classname="DDFrameWork.Booking" name="booking3" time="0.497"/>
</testsuite> <!-- Default test -->
